<?xml version="1.0" encoding="UTF-8"?>
<testng-results ignored="0" total="8" passed="8" failed="0" skipped="0">
  <reporter-output>
  </reporter-output>
  <suite started-at="2025-03-22T20:13:30 EDT" name="Default suite" finished-at="2025-03-22T20:13:41 EDT" duration-ms="10910">
    <groups>
    </groups>
    <test started-at="2025-03-22T20:13:30 EDT" name="Default test" finished-at="2025-03-22T20:13:41 EDT" duration-ms="10910">
      <class name="com.steffy.Let_Code">
        <test-method signature="browser_Launch()[pri:-3, instance:com.steffy.Let_Code@6c1a5b54]" started-at="2025-03-22T20:13:30 EDT" name="browser_Launch" finished-at="2025-03-22T20:13:33 EDT" duration-ms="2548" status="PASS">
          <reporter-output>
          </reporter-output>
        </test-method> <!-- browser_Launch -->
        <test-method signature="Get_Url()[pri:-2, instance:com.steffy.Let_Code@6c1a5b54]" started-at="2025-03-22T20:13:33 EDT" name="Get_Url" finished-at="2025-03-22T20:13:34 EDT" duration-ms="1099" status="PASS">
          <reporter-output>
          </reporter-output>
        </test-method> <!-- Get_Url -->
        <test-method signature="signUp()[pri:-1, instance:com.steffy.Let_Code@6c1a5b54]" started-at="2025-03-22T20:13:34 EDT" name="signUp" finished-at="2025-03-22T20:13:34 EDT" duration-ms="205" status="PASS">
          <reporter-output>
          </reporter-output>
        </test-method> <!-- signUp -->
        <test-method signature="Login()[pri:0, instance:com.steffy.Let_Code@6c1a5b54]" started-at="2025-03-22T20:13:34 EDT" name="Login" finished-at="2025-03-22T20:13:36 EDT" duration-ms="1451" status="PASS">
          <reporter-output>
          </reporter-output>
        </test-method> <!-- Login -->
        <test-method signature="mens()[pri:1, instance:com.steffy.Let_Code@6c1a5b54]" started-at="2025-03-22T20:13:36 EDT" name="mens" finished-at="2025-03-22T20:13:40 EDT" duration-ms="4223" status="PASS">
          <reporter-output>
          </reporter-output>
        </test-method> <!-- mens -->
        <test-method signature="bangles()[pri:2, instance:com.steffy.Let_Code@6c1a5b54]" started-at="2025-03-22T20:13:40 EDT" name="bangles" finished-at="2025-03-22T20:13:41 EDT" duration-ms="1121" status="PASS">
          <reporter-output>
          </reporter-output>
        </test-method> <!-- bangles -->
        <test-method signature="LogOut()[pri:3, instance:com.steffy.Let_Code@6c1a5b54]" started-at="2025-03-22T20:13:41 EDT" name="LogOut" finished-at="2025-03-22T20:13:41 EDT" duration-ms="130" status="PASS">
          <reporter-output>
          </reporter-output>
        </test-method> <!-- LogOut -->
        <test-method signature="title()[pri:4, instance:com.steffy.Let_Code@6c1a5b54]" started-at="2025-03-22T20:13:41 EDT" name="title" finished-at="2025-03-22T20:13:41 EDT" duration-ms="39" status="PASS">
          <reporter-output>
          </reporter-output>
        </test-method> <!-- title -->
      </class> <!-- com.steffy.Let_Code -->
    </test> <!-- Default test -->
  </suite> <!-- Default suite -->
</testng-results>
